{"C:\\Users\\felip\\NodeProjects\\restaurant\\src\\App.tsx": {"path":"C:\\Users\\felip\\NodeProjects\\restaurant\\src\\App.tsx","statementMap":{"0":{"start":{"line":6,"column":2},"end":{"line":13,"column":4}}},"fnMap":{"0":{"name":"App","decl":{"start":{"line":5,"column":9},"end":{"line":5,"column":12}},"loc":{"start":{"line":5,"column":15},"end":{"line":14,"column":1}},"line":5}},"branchMap":{},"s":{"0":1},"f":{"0":1},"b":{},"_coverageSchema":"1a1c01bbd47fc00a2c39e90264f33305004495a9","hash":"ecc35092d53ce2b0b984417fcfb3e6377feac04e"}
,"C:\\Users\\felip\\NodeProjects\\restaurant\\src\\app\\store.ts": {"path":"C:\\Users\\felip\\NodeProjects\\restaurant\\src\\app\\store.ts","statementMap":{"0":{"start":{"line":5,"column":21},"end":{"line":10,"column":2}}},"fnMap":{},"branchMap":{},"s":{"0":2},"f":{},"b":{},"_coverageSchema":"1a1c01bbd47fc00a2c39e90264f33305004495a9","hash":"6386b27411d644bc79a2aea7fe6da8c1d66a227e"}
,"C:\\Users\\felip\\NodeProjects\\restaurant\\src\\components\\CustomerCard\\CustomerCard.tsx": {"path":"C:\\Users\\felip\\NodeProjects\\restaurant\\src\\components\\CustomerCard\\CustomerCard.tsx","statementMap":{"0":{"start":{"line":7,"column":48},"end":{"line":43,"column":1}},"1":{"start":{"line":8,"column":21},"end":{"line":8,"column":34}},"2":{"start":{"line":9,"column":28},"end":{"line":9,"column":48}},"3":{"start":{"line":11,"column":26},"end":{"line":18,"column":5}},"4":{"start":{"line":12,"column":8},"end":{"line":12,"column":38}},"5":{"start":{"line":12,"column":31},"end":{"line":12,"column":38}},"6":{"start":{"line":13,"column":8},"end":{"line":16,"column":12}},"7":{"start":{"line":17,"column":8},"end":{"line":17,"column":20}},"8":{"start":{"line":20,"column":4},"end":{"line":42,"column":5}},"9":{"start":{"line":29,"column":73},"end":{"line":29,"column":141}},"10":{"start":{"line":36,"column":73},"end":{"line":36,"column":96}}},"fnMap":{"0":{"name":"(anonymous_0)","decl":{"start":{"line":7,"column":48},"end":{"line":7,"column":49}},"loc":{"start":{"line":7,"column":66},"end":{"line":43,"column":1}},"line":7},"1":{"name":"(anonymous_1)","decl":{"start":{"line":11,"column":26},"end":{"line":11,"column":27}},"loc":{"start":{"line":11,"column":38},"end":{"line":18,"column":5}},"line":11},"2":{"name":"(anonymous_2)","decl":{"start":{"line":29,"column":40},"end":{"line":29,"column":41}},"loc":{"start":{"line":29,"column":73},"end":{"line":29,"column":141}},"line":29},"3":{"name":"(anonymous_3)","decl":{"start":{"line":36,"column":35},"end":{"line":36,"column":36}},"loc":{"start":{"line":36,"column":73},"end":{"line":36,"column":96}},"line":36}},"branchMap":{"0":{"loc":{"start":{"line":12,"column":8},"end":{"line":12,"column":38}},"type":"if","locations":[{"start":{"line":12,"column":8},"end":{"line":12,"column":38}},{"start":{},"end":{}}],"line":12}},"s":{"0":3,"1":13,"2":13,"3":13,"4":2,"5":1,"6":1,"7":1,"8":13,"9":4,"10":1},"f":{"0":13,"1":2,"2":4,"3":1},"b":{"0":[1,1]},"_coverageSchema":"1a1c01bbd47fc00a2c39e90264f33305004495a9","hash":"83af46db4ff1a3360019e5aa82bb52a3a26cd8b0"}
,"C:\\Users\\felip\\NodeProjects\\restaurant\\src\\components\\CustomerCard\\index.ts": {"path":"C:\\Users\\felip\\NodeProjects\\restaurant\\src\\components\\CustomerCard\\index.ts","statementMap":{},"fnMap":{},"branchMap":{},"s":{},"f":{},"b":{},"_coverageSchema":"1a1c01bbd47fc00a2c39e90264f33305004495a9","hash":"a63093a556a8cf30166860100f034cc7796714ee"}
,"C:\\Users\\felip\\NodeProjects\\restaurant\\src\\components\\CustomerContainer\\CustomerContainer.tsx": {"path":"C:\\Users\\felip\\NodeProjects\\restaurant\\src\\components\\CustomerContainer\\CustomerContainer.tsx","statementMap":{"0":{"start":{"line":7,"column":26},"end":{"line":18,"column":1}},"1":{"start":{"line":8,"column":35},"end":{"line":10,"column":5}},"2":{"start":{"line":9,"column":30},"end":{"line":9,"column":51}},"3":{"start":{"line":11,"column":4},"end":{"line":17,"column":5}},"4":{"start":{"line":14,"column":16},"end":{"line":14,"column":90}}},"fnMap":{"0":{"name":"(anonymous_0)","decl":{"start":{"line":7,"column":26},"end":{"line":7,"column":27}},"loc":{"start":{"line":7,"column":32},"end":{"line":18,"column":1}},"line":7},"1":{"name":"(anonymous_1)","decl":{"start":{"line":9,"column":8},"end":{"line":9,"column":9}},"loc":{"start":{"line":9,"column":30},"end":{"line":9,"column":51}},"line":9},"2":{"name":"(anonymous_2)","decl":{"start":{"line":13,"column":27},"end":{"line":13,"column":28}},"loc":{"start":{"line":14,"column":16},"end":{"line":14,"column":90}},"line":14}},"branchMap":{},"s":{"0":2,"1":3,"2":2,"3":3,"4":1},"f":{"0":3,"1":2,"2":1},"b":{},"_coverageSchema":"1a1c01bbd47fc00a2c39e90264f33305004495a9","hash":"d3bdc350690f23f9fdbd1afe00d56aad32570970"}
,"C:\\Users\\felip\\NodeProjects\\restaurant\\src\\components\\CustomerContainer\\index.ts": {"path":"C:\\Users\\felip\\NodeProjects\\restaurant\\src\\components\\CustomerContainer\\index.ts","statementMap":{},"fnMap":{},"branchMap":{},"s":{},"f":{},"b":{},"_coverageSchema":"1a1c01bbd47fc00a2c39e90264f33305004495a9","hash":"5241739ebed32754604ea267f529b08c62db6a8b"}
,"C:\\Users\\felip\\NodeProjects\\restaurant\\src\\components\\ReservationCard\\ReservationCard.tsx": {"path":"C:\\Users\\felip\\NodeProjects\\restaurant\\src\\components\\ReservationCard\\ReservationCard.tsx","statementMap":{"0":{"start":{"line":8,"column":57},"end":{"line":31,"column":1}},"1":{"start":{"line":9,"column":19},"end":{"line":9,"column":32}},"2":{"start":{"line":11,"column":34},"end":{"line":14,"column":3}},"3":{"start":{"line":12,"column":4},"end":{"line":12,"column":48}},"4":{"start":{"line":13,"column":4},"end":{"line":13,"column":45}},"5":{"start":{"line":16,"column":2},"end":{"line":30,"column":3}}},"fnMap":{"0":{"name":"(anonymous_0)","decl":{"start":{"line":8,"column":57},"end":{"line":8,"column":58}},"loc":{"start":{"line":8,"column":78},"end":{"line":31,"column":1}},"line":8},"1":{"name":"(anonymous_1)","decl":{"start":{"line":11,"column":34},"end":{"line":11,"column":35}},"loc":{"start":{"line":11,"column":46},"end":{"line":14,"column":3}},"line":11}},"branchMap":{},"s":{"0":3,"1":3,"2":3,"3":1,"4":1,"5":3},"f":{"0":3,"1":1},"b":{},"_coverageSchema":"1a1c01bbd47fc00a2c39e90264f33305004495a9","hash":"8ca1e31825704b7034fe88642b833fb1ae6afb15"}
,"C:\\Users\\felip\\NodeProjects\\restaurant\\src\\components\\ReservationContainer\\ReservationContainer.tsx": {"path":"C:\\Users\\felip\\NodeProjects\\restaurant\\src\\components\\ReservationContainer\\ReservationContainer.tsx","statementMap":{"0":{"start":{"line":5,"column":29},"end":{"line":16,"column":1}},"1":{"start":{"line":7,"column":4},"end":{"line":15,"column":5}}},"fnMap":{"0":{"name":"(anonymous_0)","decl":{"start":{"line":5,"column":29},"end":{"line":5,"column":30}},"loc":{"start":{"line":5,"column":35},"end":{"line":16,"column":1}},"line":5}},"branchMap":{},"s":{"0":1,"1":1},"f":{"0":1},"b":{},"_coverageSchema":"1a1c01bbd47fc00a2c39e90264f33305004495a9","hash":"cd4bf34356fe5d43349fe4014f1d947498053977"}
,"C:\\Users\\felip\\NodeProjects\\restaurant\\src\\components\\ReservationInput\\ReservationInput.tsx": {"path":"C:\\Users\\felip\\NodeProjects\\restaurant\\src\\components\\ReservationInput\\ReservationInput.tsx","statementMap":{"0":{"start":{"line":8,"column":25},"end":{"line":39,"column":1}},"1":{"start":{"line":9,"column":21},"end":{"line":9,"column":34}},"2":{"start":{"line":10,"column":45},"end":{"line":13,"column":5}},"3":{"start":{"line":14,"column":42},"end":{"line":14,"column":84}},"4":{"start":{"line":16,"column":34},"end":{"line":25,"column":5}},"5":{"start":{"line":17,"column":8},"end":{"line":17,"column":50}},"6":{"start":{"line":17,"column":43},"end":{"line":17,"column":50}},"7":{"start":{"line":18,"column":8},"end":{"line":18,"column":46}},"8":{"start":{"line":19,"column":8},"end":{"line":23,"column":12}},"9":{"start":{"line":24,"column":8},"end":{"line":24,"column":43}},"10":{"start":{"line":27,"column":4},"end":{"line":38,"column":5}},"11":{"start":{"line":34,"column":65},"end":{"line":34,"column":119}}},"fnMap":{"0":{"name":"(anonymous_0)","decl":{"start":{"line":8,"column":25},"end":{"line":8,"column":26}},"loc":{"start":{"line":8,"column":31},"end":{"line":39,"column":1}},"line":8},"1":{"name":"(anonymous_1)","decl":{"start":{"line":16,"column":34},"end":{"line":16,"column":35}},"loc":{"start":{"line":16,"column":46},"end":{"line":25,"column":5}},"line":16},"2":{"name":"(anonymous_2)","decl":{"start":{"line":34,"column":27},"end":{"line":34,"column":28}},"loc":{"start":{"line":34,"column":65},"end":{"line":34,"column":119}},"line":34}},"branchMap":{"0":{"loc":{"start":{"line":17,"column":8},"end":{"line":17,"column":50}},"type":"if","locations":[{"start":{"line":17,"column":8},"end":{"line":17,"column":50}},{"start":{},"end":{}}],"line":17}},"s":{"0":2,"1":6,"2":6,"3":6,"4":6,"5":2,"6":1,"7":1,"8":1,"9":1,"10":6,"11":1},"f":{"0":6,"1":2,"2":1},"b":{"0":[1,1]},"_coverageSchema":"1a1c01bbd47fc00a2c39e90264f33305004495a9","hash":"563bc62918874a5c26e38960a363eb5e5d8ac516"}
,"C:\\Users\\felip\\NodeProjects\\restaurant\\src\\components\\ReservationInput\\index.ts": {"path":"C:\\Users\\felip\\NodeProjects\\restaurant\\src\\components\\ReservationInput\\index.ts","statementMap":{},"fnMap":{},"branchMap":{},"s":{},"f":{},"b":{}}
,"C:\\Users\\felip\\NodeProjects\\restaurant\\src\\components\\ReservationList\\ReservationList.tsx": {"path":"C:\\Users\\felip\\NodeProjects\\restaurant\\src\\components\\ReservationList\\ReservationList.tsx","statementMap":{"0":{"start":{"line":7,"column":24},"end":{"line":17,"column":1}},"1":{"start":{"line":8,"column":41},"end":{"line":8,"column":100}},"2":{"start":{"line":8,"column":75},"end":{"line":8,"column":99}},"3":{"start":{"line":10,"column":4},"end":{"line":16,"column":5}},"4":{"start":{"line":13,"column":15},"end":{"line":13,"column":104}}},"fnMap":{"0":{"name":"(anonymous_0)","decl":{"start":{"line":7,"column":24},"end":{"line":7,"column":25}},"loc":{"start":{"line":7,"column":30},"end":{"line":17,"column":1}},"line":7},"1":{"name":"(anonymous_1)","decl":{"start":{"line":8,"column":53},"end":{"line":8,"column":54}},"loc":{"start":{"line":8,"column":75},"end":{"line":8,"column":99}},"line":8},"2":{"name":"(anonymous_2)","decl":{"start":{"line":12,"column":30},"end":{"line":12,"column":31}},"loc":{"start":{"line":13,"column":15},"end":{"line":13,"column":104}},"line":13}},"branchMap":{},"s":{"0":2,"1":3,"2":2,"3":3,"4":1},"f":{"0":3,"1":2,"2":1},"b":{},"_coverageSchema":"1a1c01bbd47fc00a2c39e90264f33305004495a9","hash":"3abc61befd351dad8d06b288cff83c41e716a685"}
,"C:\\Users\\felip\\NodeProjects\\restaurant\\src\\cypress\\plugins\\index.js": {"path":"C:\\Users\\felip\\NodeProjects\\restaurant\\src\\cypress\\plugins\\index.js","statementMap":{"0":{"start":{"line":1,"column":0},"end":{"line":4,"column":1}},"1":{"start":{"line":2,"column":4},"end":{"line":2,"column":55}},"2":{"start":{"line":3,"column":4},"end":{"line":3,"column":18}}},"fnMap":{"0":{"name":"(anonymous_0)","decl":{"start":{"line":1,"column":17},"end":{"line":1,"column":18}},"loc":{"start":{"line":1,"column":33},"end":{"line":4,"column":1}},"line":1}},"branchMap":{},"s":{"0":0,"1":0,"2":0},"f":{"0":0},"b":{}}
,"C:\\Users\\felip\\NodeProjects\\restaurant\\src\\cypress\\support\\index.js": {"path":"C:\\Users\\felip\\NodeProjects\\restaurant\\src\\cypress\\support\\index.js","statementMap":{},"fnMap":{},"branchMap":{},"s":{},"f":{},"b":{}}
,"C:\\Users\\felip\\NodeProjects\\restaurant\\src\\features\\customer\\customerSlice.ts": {"path":"C:\\Users\\felip\\NodeProjects\\restaurant\\src\\features\\customer\\customerSlice.ts","statementMap":{"0":{"start":{"line":6,"column":37},"end":{"line":8,"column":1}},"1":{"start":{"line":10,"column":30},"end":{"line":29,"column":2}},"2":{"start":{"line":15,"column":12},"end":{"line":15,"column":45}},"3":{"start":{"line":18,"column":12},"end":{"line":22,"column":14}},"4":{"start":{"line":19,"column":16},"end":{"line":21,"column":17}},"5":{"start":{"line":20,"column":20},"end":{"line":20,"column":75}},"6":{"start":{"line":25,"column":33},"end":{"line":25,"column":108}},"7":{"start":{"line":25,"column":77},"end":{"line":25,"column":107}},"8":{"start":{"line":26,"column":12},"end":{"line":26,"column":58}},"9":{"start":{"line":35,"column":4},"end":{"line":35,"column":26}}},"fnMap":{"0":{"name":"(anonymous_0)","decl":{"start":{"line":14,"column":21},"end":{"line":14,"column":22}},"loc":{"start":{"line":14,"column":88},"end":{"line":16,"column":9}},"line":14},"1":{"name":"(anonymous_1)","decl":{"start":{"line":17,"column":25},"end":{"line":17,"column":26}},"loc":{"start":{"line":17,"column":102},"end":{"line":23,"column":9}},"line":17},"2":{"name":"(anonymous_2)","decl":{"start":{"line":18,"column":32},"end":{"line":18,"column":33}},"loc":{"start":{"line":18,"column":72},"end":{"line":22,"column":13}},"line":18},"3":{"name":"(anonymous_3)","decl":{"start":{"line":24,"column":24},"end":{"line":24,"column":25}},"loc":{"start":{"line":24,"column":88},"end":{"line":27,"column":9}},"line":24},"4":{"name":"(anonymous_4)","decl":{"start":{"line":25,"column":52},"end":{"line":25,"column":53}},"loc":{"start":{"line":25,"column":77},"end":{"line":25,"column":107}},"line":25}},"branchMap":{"0":{"loc":{"start":{"line":19,"column":16},"end":{"line":21,"column":17}},"type":"if","locations":[{"start":{"line":19,"column":16},"end":{"line":21,"column":17}},{"start":{},"end":{}}],"line":19}},"s":{"0":7,"1":7,"2":2,"3":3,"4":2,"5":1,"6":2,"7":1,"8":2,"9":7},"f":{"0":2,"1":3,"2":2,"3":2,"4":1},"b":{"0":[1,1]},"_coverageSchema":"1a1c01bbd47fc00a2c39e90264f33305004495a9","hash":"5f5f888f913ad0e0147e3f66144e51a7cf7dd656"}
,"C:\\Users\\felip\\NodeProjects\\restaurant\\src\\features\\reservation\\reservationSlice.ts": {"path":"C:\\Users\\felip\\NodeProjects\\restaurant\\src\\features\\reservation\\reservationSlice.ts","statementMap":{"0":{"start":{"line":5,"column":40},"end":{"line":7,"column":1}},"1":{"start":{"line":9,"column":33},"end":{"line":21,"column":2}},"2":{"start":{"line":14,"column":12},"end":{"line":14,"column":45}},"3":{"start":{"line":17,"column":36},"end":{"line":17,"column":120}},"4":{"start":{"line":17,"column":86},"end":{"line":17,"column":119}},"5":{"start":{"line":18,"column":12},"end":{"line":18,"column":61}},"6":{"start":{"line":26,"column":4},"end":{"line":26,"column":29}}},"fnMap":{"0":{"name":"(anonymous_0)","decl":{"start":{"line":13,"column":24},"end":{"line":13,"column":25}},"loc":{"start":{"line":13,"column":78},"end":{"line":15,"column":9}},"line":13},"1":{"name":"(anonymous_1)","decl":{"start":{"line":16,"column":27},"end":{"line":16,"column":28}},"loc":{"start":{"line":16,"column":75},"end":{"line":19,"column":9}},"line":16},"2":{"name":"(anonymous_2)","decl":{"start":{"line":17,"column":55},"end":{"line":17,"column":56}},"loc":{"start":{"line":17,"column":86},"end":{"line":17,"column":119}},"line":17}},"branchMap":{},"s":{"0":7,"1":7,"2":2,"3":2,"4":1,"5":2,"6":7},"f":{"0":2,"1":2,"2":1},"b":{},"_coverageSchema":"1a1c01bbd47fc00a2c39e90264f33305004495a9","hash":"824e854022a1501c6b440a5e8889998d7e89af20"}
,"C:\\Users\\felip\\NodeProjects\\restaurant\\src\\interfaces\\customer-item-action.interface.ts": {"path":"C:\\Users\\felip\\NodeProjects\\restaurant\\src\\interfaces\\customer-item-action.interface.ts","statementMap":{},"fnMap":{},"branchMap":{},"s":{},"f":{},"b":{}}
,"C:\\Users\\felip\\NodeProjects\\restaurant\\src\\interfaces\\customer-state.interface.ts": {"path":"C:\\Users\\felip\\NodeProjects\\restaurant\\src\\interfaces\\customer-state.interface.ts","statementMap":{},"fnMap":{},"branchMap":{},"s":{},"f":{},"b":{}}
,"C:\\Users\\felip\\NodeProjects\\restaurant\\src\\interfaces\\customer.interface.ts": {"path":"C:\\Users\\felip\\NodeProjects\\restaurant\\src\\interfaces\\customer.interface.ts","statementMap":{},"fnMap":{},"branchMap":{},"s":{},"f":{},"b":{}}
,"C:\\Users\\felip\\NodeProjects\\restaurant\\src\\interfaces\\reservation-state.interface.ts": {"path":"C:\\Users\\felip\\NodeProjects\\restaurant\\src\\interfaces\\reservation-state.interface.ts","statementMap":{},"fnMap":{},"branchMap":{},"s":{},"f":{},"b":{}}
,"C:\\Users\\felip\\NodeProjects\\restaurant\\src\\interfaces\\reservation.interface.ts": {"path":"C:\\Users\\felip\\NodeProjects\\restaurant\\src\\interfaces\\reservation.interface.ts","statementMap":{},"fnMap":{},"branchMap":{},"s":{},"f":{},"b":{}}
,"C:\\Users\\felip\\NodeProjects\\restaurant\\src\\utils\\test-utils.jsx": {"path":"C:\\Users\\felip\\NodeProjects\\restaurant\\src\\utils\\test-utils.jsx","statementMap":{"0":{"start":{"line":21,"column":8},"end":{"line":21,"column":62}},"1":{"start":{"line":23,"column":4},"end":{"line":23,"column":64}}},"fnMap":{"0":{"name":"render","decl":{"start":{"line":7,"column":9},"end":{"line":7,"column":15}},"loc":{"start":{"line":19,"column":2},"end":{"line":24,"column":1}},"line":19},"1":{"name":"Wrapper","decl":{"start":{"line":20,"column":13},"end":{"line":20,"column":20}},"loc":{"start":{"line":20,"column":35},"end":{"line":22,"column":5}},"line":20}},"branchMap":{"0":{"loc":{"start":{"line":9,"column":4},"end":{"line":18,"column":10}},"type":"default-arg","locations":[{"start":{"line":18,"column":8},"end":{"line":18,"column":10}}],"line":9},"1":{"loc":{"start":{"line":11,"column":8},"end":{"line":16,"column":10}},"type":"default-arg","locations":[{"start":{"line":11,"column":16},"end":{"line":16,"column":10}}],"line":11}},"s":{"0":8,"1":8},"f":{"0":8,"1":8},"b":{"0":[8],"1":[8]},"_coverageSchema":"1a1c01bbd47fc00a2c39e90264f33305004495a9","hash":"207d6b4b4cd6df08241aad78151f7fd4e95ffcb1"}
}
